{"C:\\Proyecto\\SIRE\\backend\\src\\controllers\\auth.controller.ts": {"path":"C:\\Proyecto\\SIRE\\backend\\src\\controllers\\auth.controller.ts","statementMap":{"0":{"start":{"line":4,"column":15},"end":{"line":4,"column":null}},"1":{"start":{"line":7,"column":29},"end":{"line":35,"column":null}},"2":{"start":{"line":8,"column":4},"end":{"line":34,"column":null}},"3":{"start":{"line":9,"column":43},"end":{"line":9,"column":null}},"4":{"start":{"line":11,"column":8},"end":{"line":17,"column":null}},"5":{"start":{"line":12,"column":12},"end":{"line":16,"column":null}},"6":{"start":{"line":19,"column":27},"end":{"line":27,"column":null}},"7":{"start":{"line":29,"column":8},"end":{"line":29,"column":null}},"8":{"start":{"line":31,"column":8},"end":{"line":33,"column":null}},"9":{"start":{"line":38,"column":35},"end":{"line":60,"column":null}},"10":{"start":{"line":39,"column":4},"end":{"line":59,"column":null}},"11":{"start":{"line":40,"column":23},"end":{"line":40,"column":null}},"12":{"start":{"line":42,"column":8},"end":{"line":46,"column":null}},"13":{"start":{"line":43,"column":12},"end":{"line":45,"column":null}},"14":{"start":{"line":49,"column":30},"end":{"line":52,"column":null}},"15":{"start":{"line":54,"column":8},"end":{"line":54,"column":null}},"16":{"start":{"line":56,"column":8},"end":{"line":58,"column":null}},"17":{"start":{"line":63,"column":21},"end":{"line":89,"column":null}},"18":{"start":{"line":64,"column":4},"end":{"line":88,"column":null}},"19":{"start":{"line":65,"column":23},"end":{"line":65,"column":null}},"20":{"start":{"line":67,"column":8},"end":{"line":71,"column":null}},"21":{"start":{"line":68,"column":12},"end":{"line":70,"column":null}},"22":{"start":{"line":73,"column":24},"end":{"line":75,"column":null}},"23":{"start":{"line":77,"column":8},"end":{"line":81,"column":null}},"24":{"start":{"line":78,"column":12},"end":{"line":80,"column":null}},"25":{"start":{"line":83,"column":8},"end":{"line":83,"column":null}},"26":{"start":{"line":85,"column":8},"end":{"line":87,"column":null}}},"fnMap":{"0":{"name":"(anonymous_0)","decl":{"start":{"line":7,"column":29},"end":{"line":7,"column":36}},"loc":{"start":{"line":7,"column":85},"end":{"line":35,"column":null}},"line":7},"1":{"name":"(anonymous_1)","decl":{"start":{"line":38,"column":35},"end":{"line":38,"column":42}},"loc":{"start":{"line":38,"column":91},"end":{"line":60,"column":null}},"line":38},"2":{"name":"(anonymous_2)","decl":{"start":{"line":63,"column":21},"end":{"line":63,"column":28}},"loc":{"start":{"line":63,"column":77},"end":{"line":89,"column":null}},"line":63}},"branchMap":{"0":{"loc":{"start":{"line":11,"column":8},"end":{"line":17,"column":null}},"type":"if","locations":[{"start":{"line":11,"column":8},"end":{"line":17,"column":null}},{"start":{},"end":{}}],"line":11},"1":{"loc":{"start":{"line":11,"column":12},"end":{"line":11,"column":27}},"type":"binary-expr","locations":[{"start":{"line":11,"column":12},"end":{"line":11,"column":19}},{"start":{"line":11,"column":19},"end":{"line":11,"column":27}}],"line":11},"2":{"loc":{"start":{"line":42,"column":8},"end":{"line":46,"column":null}},"type":"if","locations":[{"start":{"line":42,"column":8},"end":{"line":46,"column":null}},{"start":{},"end":{}}],"line":42},"3":{"loc":{"start":{"line":67,"column":8},"end":{"line":71,"column":null}},"type":"if","locations":[{"start":{"line":67,"column":8},"end":{"line":71,"column":null}},{"start":{},"end":{}}],"line":67},"4":{"loc":{"start":{"line":77,"column":8},"end":{"line":81,"column":null}},"type":"if","locations":[{"start":{"line":77,"column":8},"end":{"line":81,"column":null}},{"start":{},"end":{}}],"line":77}},"s":{"0":1,"1":1,"2":3,"3":3,"4":3,"5":1,"6":2,"7":1,"8":1,"9":1,"10":2,"11":2,"12":2,"13":1,"14":1,"15":1,"16":0,"17":1,"18":3,"19":3,"20":3,"21":1,"22":2,"23":2,"24":1,"25":1,"26":0},"f":{"0":3,"1":2,"2":3},"b":{"0":[1,2],"1":[3,2],"2":[1,1],"3":[1,2],"4":[1,1]},"meta":{"lastBranch":5,"lastFunction":3,"lastStatement":27,"seen":{"s:4:15:4:Infinity":0,"s:7:29:35:Infinity":1,"f:7:29:7:36":0,"s:8:4:34:Infinity":2,"s:9:43:9:Infinity":3,"b:11:8:17:Infinity:undefined:undefined:undefined:undefined":0,"s:11:8:17:Infinity":4,"b:11:12:11:19:11:19:11:27":1,"s:12:12:16:Infinity":5,"s:19:27:27:Infinity":6,"s:29:8:29:Infinity":7,"s:31:8:33:Infinity":8,"s:38:35:60:Infinity":9,"f:38:35:38:42":1,"s:39:4:59:Infinity":10,"s:40:23:40:Infinity":11,"b:42:8:46:Infinity:undefined:undefined:undefined:undefined":2,"s:42:8:46:Infinity":12,"s:43:12:45:Infinity":13,"s:49:30:52:Infinity":14,"s:54:8:54:Infinity":15,"s:56:8:58:Infinity":16,"s:63:21:89:Infinity":17,"f:63:21:63:28":2,"s:64:4:88:Infinity":18,"s:65:23:65:Infinity":19,"b:67:8:71:Infinity:undefined:undefined:undefined:undefined":3,"s:67:8:71:Infinity":20,"s:68:12:70:Infinity":21,"s:73:24:75:Infinity":22,"b:77:8:81:Infinity:undefined:undefined:undefined:undefined":4,"s:77:8:81:Infinity":23,"s:78:12:80:Infinity":24,"s:83:8:83:Infinity":25,"s:85:8:87:Infinity":26},"fnNames":{}}}
,"C:\\Proyecto\\SIRE\\backend\\src\\controllers\\publication.controller.ts": {"path":"C:\\Proyecto\\SIRE\\backend\\src\\controllers\\publication.controller.ts","statementMap":{"0":{"start":{"line":4,"column":15},"end":{"line":4,"column":null}},"1":{"start":{"line":6,"column":27},"end":{"line":6,"column":null}},"2":{"start":{"line":9,"column":31},"end":{"line":28,"column":null}},"3":{"start":{"line":10,"column":4},"end":{"line":27,"column":null}},"4":{"start":{"line":11,"column":27},"end":{"line":11,"column":null}},"5":{"start":{"line":13,"column":29},"end":{"line":20,"column":null}},"6":{"start":{"line":22,"column":8},"end":{"line":22,"column":null}},"7":{"start":{"line":24,"column":8},"end":{"line":26,"column":null}},"8":{"start":{"line":31,"column":33},"end":{"line":51,"column":null}},"9":{"start":{"line":32,"column":4},"end":{"line":50,"column":null}},"10":{"start":{"line":33,"column":23},"end":{"line":33,"column":null}},"11":{"start":{"line":35,"column":8},"end":{"line":39,"column":null}},"12":{"start":{"line":36,"column":12},"end":{"line":38,"column":null}},"13":{"start":{"line":41,"column":31},"end":{"line":43,"column":null}},"14":{"start":{"line":45,"column":8},"end":{"line":45,"column":null}},"15":{"start":{"line":47,"column":8},"end":{"line":49,"column":null}},"16":{"start":{"line":54,"column":33},"end":{"line":120,"column":null}},"17":{"start":{"line":55,"column":4},"end":{"line":119,"column":null}},"18":{"start":{"line":56,"column":96},"end":{"line":56,"column":null}},"19":{"start":{"line":59,"column":8},"end":{"line":63,"column":null}},"20":{"start":{"line":60,"column":12},"end":{"line":62,"column":null}},"21":{"start":{"line":66,"column":8},"end":{"line":73,"column":null}},"22":{"start":{"line":67,"column":12},"end":{"line":72,"column":null}},"23":{"start":{"line":76,"column":28},"end":{"line":79,"column":null}},"24":{"start":{"line":81,"column":8},"end":{"line":85,"column":null}},"25":{"start":{"line":82,"column":12},"end":{"line":84,"column":null}},"26":{"start":{"line":87,"column":8},"end":{"line":94,"column":null}},"27":{"start":{"line":88,"column":12},"end":{"line":93,"column":null}},"28":{"start":{"line":97,"column":31},"end":{"line":108,"column":null}},"29":{"start":{"line":110,"column":8},"end":{"line":113,"column":null}},"30":{"start":{"line":115,"column":8},"end":{"line":115,"column":null}},"31":{"start":{"line":116,"column":8},"end":{"line":118,"column":null}},"32":{"start":{"line":123,"column":34},"end":{"line":142,"column":null}},"33":{"start":{"line":124,"column":4},"end":{"line":141,"column":null}},"34":{"start":{"line":125,"column":23},"end":{"line":125,"column":null}},"35":{"start":{"line":127,"column":28},"end":{"line":132,"column":null}},"36":{"start":{"line":134,"column":8},"end":{"line":136,"column":null}},"37":{"start":{"line":135,"column":12},"end":{"line":135,"column":null}},"38":{"start":{"line":138,"column":8},"end":{"line":138,"column":null}},"39":{"start":{"line":140,"column":8},"end":{"line":140,"column":null}},"40":{"start":{"line":145,"column":33},"end":{"line":166,"column":null}},"41":{"start":{"line":146,"column":4},"end":{"line":165,"column":null}},"42":{"start":{"line":147,"column":23},"end":{"line":147,"column":null}},"43":{"start":{"line":148,"column":23},"end":{"line":148,"column":null}},"44":{"start":{"line":149,"column":27},"end":{"line":149,"column":null}},"45":{"start":{"line":151,"column":8},"end":{"line":151,"column":null}},"46":{"start":{"line":151,"column":21},"end":{"line":151,"column":null}},"47":{"start":{"line":153,"column":25},"end":{"line":153,"column":null}},"48":{"start":{"line":154,"column":8},"end":{"line":154,"column":null}},"49":{"start":{"line":154,"column":23},"end":{"line":154,"column":null}},"50":{"start":{"line":155,"column":8},"end":{"line":155,"column":null}},"51":{"start":{"line":155,"column":41},"end":{"line":155,"column":null}},"52":{"start":{"line":157,"column":35},"end":{"line":160,"column":null}},"53":{"start":{"line":162,"column":8},"end":{"line":162,"column":null}},"54":{"start":{"line":164,"column":8},"end":{"line":164,"column":null}},"55":{"start":{"line":169,"column":33},"end":{"line":186,"column":null}},"56":{"start":{"line":170,"column":4},"end":{"line":185,"column":null}},"57":{"start":{"line":171,"column":23},"end":{"line":171,"column":null}},"58":{"start":{"line":172,"column":23},"end":{"line":172,"column":null}},"59":{"start":{"line":174,"column":8},"end":{"line":174,"column":null}},"60":{"start":{"line":174,"column":21},"end":{"line":174,"column":null}},"61":{"start":{"line":176,"column":25},"end":{"line":176,"column":null}},"62":{"start":{"line":177,"column":8},"end":{"line":177,"column":null}},"63":{"start":{"line":177,"column":23},"end":{"line":177,"column":null}},"64":{"start":{"line":178,"column":8},"end":{"line":178,"column":null}},"65":{"start":{"line":178,"column":41},"end":{"line":178,"column":null}},"66":{"start":{"line":180,"column":8},"end":{"line":180,"column":null}},"67":{"start":{"line":182,"column":8},"end":{"line":182,"column":null}},"68":{"start":{"line":184,"column":8},"end":{"line":184,"column":null}}},"fnMap":{"0":{"name":"(anonymous_0)","decl":{"start":{"line":9,"column":31},"end":{"line":9,"column":38}},"loc":{"start":{"line":9,"column":87},"end":{"line":28,"column":null}},"line":9},"1":{"name":"(anonymous_1)","decl":{"start":{"line":31,"column":33},"end":{"line":31,"column":40}},"loc":{"start":{"line":31,"column":89},"end":{"line":51,"column":null}},"line":31},"2":{"name":"(anonymous_2)","decl":{"start":{"line":54,"column":33},"end":{"line":54,"column":40}},"loc":{"start":{"line":54,"column":89},"end":{"line":120,"column":null}},"line":54},"3":{"name":"(anonymous_3)","decl":{"start":{"line":123,"column":34},"end":{"line":123,"column":41}},"loc":{"start":{"line":123,"column":90},"end":{"line":142,"column":null}},"line":123},"4":{"name":"(anonymous_4)","decl":{"start":{"line":145,"column":33},"end":{"line":145,"column":40}},"loc":{"start":{"line":145,"column":89},"end":{"line":166,"column":null}},"line":145},"5":{"name":"(anonymous_5)","decl":{"start":{"line":169,"column":33},"end":{"line":169,"column":40}},"loc":{"start":{"line":169,"column":89},"end":{"line":186,"column":null}},"line":169}},"branchMap":{"0":{"loc":{"start":{"line":14,"column":19},"end":{"line":14,"column":null}},"type":"cond-expr","locations":[{"start":{"line":14,"column":28},"end":{"line":14,"column":82}},{"start":{"line":14,"column":82},"end":{"line":14,"column":null}}],"line":14},"1":{"loc":{"start":{"line":35,"column":8},"end":{"line":39,"column":null}},"type":"if","locations":[{"start":{"line":35,"column":8},"end":{"line":39,"column":null}},{"start":{},"end":{}}],"line":35},"2":{"loc":{"start":{"line":59,"column":8},"end":{"line":63,"column":null}},"type":"if","locations":[{"start":{"line":59,"column":8},"end":{"line":63,"column":null}},{"start":{},"end":{}}],"line":59},"3":{"loc":{"start":{"line":59,"column":12},"end":{"line":59,"column":73}},"type":"binary-expr","locations":[{"start":{"line":59,"column":12},"end":{"line":59,"column":22}},{"start":{"line":59,"column":22},"end":{"line":59,"column":35}},{"start":{"line":59,"column":35},"end":{"line":59,"column":46}},{"start":{"line":59,"column":46},"end":{"line":59,"column":63}},{"start":{"line":59,"column":63},"end":{"line":59,"column":73}}],"line":59},"4":{"loc":{"start":{"line":66,"column":8},"end":{"line":73,"column":null}},"type":"if","locations":[{"start":{"line":66,"column":8},"end":{"line":73,"column":null}},{"start":{},"end":{}}],"line":66},"5":{"loc":{"start":{"line":81,"column":8},"end":{"line":85,"column":null}},"type":"if","locations":[{"start":{"line":81,"column":8},"end":{"line":85,"column":null}},{"start":{},"end":{}}],"line":81},"6":{"loc":{"start":{"line":87,"column":8},"end":{"line":94,"column":null}},"type":"if","locations":[{"start":{"line":87,"column":8},"end":{"line":94,"column":null}},{"start":{},"end":{}}],"line":87},"7":{"loc":{"start":{"line":134,"column":8},"end":{"line":136,"column":null}},"type":"if","locations":[{"start":{"line":134,"column":8},"end":{"line":136,"column":null}},{"start":{},"end":{}}],"line":134},"8":{"loc":{"start":{"line":151,"column":8},"end":{"line":151,"column":null}},"type":"if","locations":[{"start":{"line":151,"column":8},"end":{"line":151,"column":null}},{"start":{},"end":{}}],"line":151},"9":{"loc":{"start":{"line":154,"column":8},"end":{"line":154,"column":null}},"type":"if","locations":[{"start":{"line":154,"column":8},"end":{"line":154,"column":null}},{"start":{},"end":{}}],"line":154},"10":{"loc":{"start":{"line":155,"column":8},"end":{"line":155,"column":null}},"type":"if","locations":[{"start":{"line":155,"column":8},"end":{"line":155,"column":null}},{"start":{},"end":{}}],"line":155},"11":{"loc":{"start":{"line":174,"column":8},"end":{"line":174,"column":null}},"type":"if","locations":[{"start":{"line":174,"column":8},"end":{"line":174,"column":null}},{"start":{},"end":{}}],"line":174},"12":{"loc":{"start":{"line":177,"column":8},"end":{"line":177,"column":null}},"type":"if","locations":[{"start":{"line":177,"column":8},"end":{"line":177,"column":null}},{"start":{},"end":{}}],"line":177},"13":{"loc":{"start":{"line":178,"column":8},"end":{"line":178,"column":null}},"type":"if","locations":[{"start":{"line":178,"column":8},"end":{"line":178,"column":null}},{"start":{},"end":{}}],"line":178}},"s":{"0":1,"1":1,"2":1,"3":2,"4":2,"5":2,"6":1,"7":1,"8":1,"9":1,"10":1,"11":1,"12":1,"13":0,"14":0,"15":0,"16":1,"17":4,"18":4,"19":4,"20":1,"21":3,"22":1,"23":2,"24":2,"25":0,"26":2,"27":1,"28":1,"29":1,"30":0,"31":0,"32":1,"33":0,"34":0,"35":0,"36":0,"37":0,"38":0,"39":0,"40":1,"41":1,"42":1,"43":1,"44":1,"45":1,"46":0,"47":1,"48":1,"49":0,"50":1,"51":1,"52":0,"53":0,"54":0,"55":1,"56":2,"57":2,"58":2,"59":2,"60":0,"61":2,"62":2,"63":0,"64":2,"65":1,"66":1,"67":1,"68":0},"f":{"0":2,"1":1,"2":4,"3":0,"4":1,"5":2},"b":{"0":[0,2],"1":[1,0],"2":[1,3],"3":[4,4,3,3,3],"4":[1,2],"5":[0,2],"6":[1,1],"7":[0,0],"8":[0,1],"9":[0,1],"10":[1,0],"11":[0,2],"12":[0,2],"13":[1,1]},"meta":{"lastBranch":14,"lastFunction":6,"lastStatement":69,"seen":{"s:4:15:4:Infinity":0,"s:6:27:6:Infinity":1,"s:9:31:28:Infinity":2,"f:9:31:9:38":0,"s:10:4:27:Infinity":3,"s:11:27:11:Infinity":4,"s:13:29:20:Infinity":5,"b:14:28:14:82:14:82:14:Infinity":0,"s:22:8:22:Infinity":6,"s:24:8:26:Infinity":7,"s:31:33:51:Infinity":8,"f:31:33:31:40":1,"s:32:4:50:Infinity":9,"s:33:23:33:Infinity":10,"b:35:8:39:Infinity:undefined:undefined:undefined:undefined":1,"s:35:8:39:Infinity":11,"s:36:12:38:Infinity":12,"s:41:31:43:Infinity":13,"s:45:8:45:Infinity":14,"s:47:8:49:Infinity":15,"s:54:33:120:Infinity":16,"f:54:33:54:40":2,"s:55:4:119:Infinity":17,"s:56:96:56:Infinity":18,"b:59:8:63:Infinity:undefined:undefined:undefined:undefined":2,"s:59:8:63:Infinity":19,"b:59:12:59:22:59:22:59:35:59:35:59:46:59:46:59:63:59:63:59:73":3,"s:60:12:62:Infinity":20,"b:66:8:73:Infinity:undefined:undefined:undefined:undefined":4,"s:66:8:73:Infinity":21,"s:67:12:72:Infinity":22,"s:76:28:79:Infinity":23,"b:81:8:85:Infinity:undefined:undefined:undefined:undefined":5,"s:81:8:85:Infinity":24,"s:82:12:84:Infinity":25,"b:87:8:94:Infinity:undefined:undefined:undefined:undefined":6,"s:87:8:94:Infinity":26,"s:88:12:93:Infinity":27,"s:97:31:108:Infinity":28,"s:110:8:113:Infinity":29,"s:115:8:115:Infinity":30,"s:116:8:118:Infinity":31,"s:123:34:142:Infinity":32,"f:123:34:123:41":3,"s:124:4:141:Infinity":33,"s:125:23:125:Infinity":34,"s:127:28:132:Infinity":35,"b:134:8:136:Infinity:undefined:undefined:undefined:undefined":7,"s:134:8:136:Infinity":36,"s:135:12:135:Infinity":37,"s:138:8:138:Infinity":38,"s:140:8:140:Infinity":39,"s:145:33:166:Infinity":40,"f:145:33:145:40":4,"s:146:4:165:Infinity":41,"s:147:23:147:Infinity":42,"s:148:23:148:Infinity":43,"s:149:27:149:Infinity":44,"b:151:8:151:Infinity:undefined:undefined:undefined:undefined":8,"s:151:8:151:Infinity":45,"s:151:21:151:Infinity":46,"s:153:25:153:Infinity":47,"b:154:8:154:Infinity:undefined:undefined:undefined:undefined":9,"s:154:8:154:Infinity":48,"s:154:23:154:Infinity":49,"b:155:8:155:Infinity:undefined:undefined:undefined:undefined":10,"s:155:8:155:Infinity":50,"s:155:41:155:Infinity":51,"s:157:35:160:Infinity":52,"s:162:8:162:Infinity":53,"s:164:8:164:Infinity":54,"s:169:33:186:Infinity":55,"f:169:33:169:40":5,"s:170:4:185:Infinity":56,"s:171:23:171:Infinity":57,"s:172:23:172:Infinity":58,"b:174:8:174:Infinity:undefined:undefined:undefined:undefined":11,"s:174:8:174:Infinity":59,"s:174:21:174:Infinity":60,"s:176:25:176:Infinity":61,"b:177:8:177:Infinity:undefined:undefined:undefined:undefined":12,"s:177:8:177:Infinity":62,"s:177:23:177:Infinity":63,"b:178:8:178:Infinity:undefined:undefined:undefined:undefined":13,"s:178:8:178:Infinity":64,"s:178:41:178:Infinity":65,"s:180:8:180:Infinity":66,"s:182:8:182:Infinity":67,"s:184:8:184:Infinity":68},"fnNames":{}}}
,"C:\\Proyecto\\SIRE\\backend\\src\\controllers\\reservation.controller.ts": {"path":"C:\\Proyecto\\SIRE\\backend\\src\\controllers\\reservation.controller.ts","statementMap":{"0":{"start":{"line":4,"column":15},"end":{"line":4,"column":null}},"1":{"start":{"line":7,"column":33},"end":{"line":39,"column":null}},"2":{"start":{"line":8,"column":4},"end":{"line":38,"column":null}},"3":{"start":{"line":9,"column":60},"end":{"line":9,"column":null}},"4":{"start":{"line":10,"column":30},"end":{"line":10,"column":null}},"5":{"start":{"line":12,"column":8},"end":{"line":16,"column":null}},"6":{"start":{"line":13,"column":12},"end":{"line":15,"column":null}},"7":{"start":{"line":18,"column":31},"end":{"line":27,"column":null}},"8":{"start":{"line":29,"column":8},"end":{"line":32,"column":null}},"9":{"start":{"line":34,"column":8},"end":{"line":34,"column":null}},"10":{"start":{"line":35,"column":8},"end":{"line":37,"column":null}},"11":{"start":{"line":42,"column":33},"end":{"line":73,"column":null}},"12":{"start":{"line":43,"column":4},"end":{"line":72,"column":null}},"13":{"start":{"line":44,"column":23},"end":{"line":44,"column":null}},"14":{"start":{"line":46,"column":8},"end":{"line":50,"column":null}},"15":{"start":{"line":47,"column":12},"end":{"line":49,"column":null}},"16":{"start":{"line":52,"column":31},"end":{"line":64,"column":null}},"17":{"start":{"line":66,"column":8},"end":{"line":66,"column":null}},"18":{"start":{"line":68,"column":8},"end":{"line":68,"column":null}},"19":{"start":{"line":69,"column":8},"end":{"line":71,"column":null}},"20":{"start":{"line":76,"column":39},"end":{"line":127,"column":null}},"21":{"start":{"line":77,"column":4},"end":{"line":126,"column":null}},"22":{"start":{"line":78,"column":23},"end":{"line":78,"column":null}},"23":{"start":{"line":79,"column":27},"end":{"line":79,"column":null}},"24":{"start":{"line":80,"column":23},"end":{"line":80,"column":null}},"25":{"start":{"line":82,"column":8},"end":{"line":86,"column":null}},"26":{"start":{"line":83,"column":12},"end":{"line":85,"column":null}},"27":{"start":{"line":88,"column":36},"end":{"line":91,"column":null}},"28":{"start":{"line":93,"column":8},"end":{"line":97,"column":null}},"29":{"start":{"line":94,"column":12},"end":{"line":96,"column":null}},"30":{"start":{"line":99,"column":8},"end":{"line":103,"column":null}},"31":{"start":{"line":100,"column":12},"end":{"line":102,"column":null}},"32":{"start":{"line":105,"column":8},"end":{"line":109,"column":null}},"33":{"start":{"line":106,"column":12},"end":{"line":108,"column":null}},"34":{"start":{"line":111,"column":35},"end":{"line":114,"column":null}},"35":{"start":{"line":116,"column":8},"end":{"line":119,"column":null}},"36":{"start":{"line":122,"column":8},"end":{"line":122,"column":null}},"37":{"start":{"line":123,"column":8},"end":{"line":125,"column":null}},"38":{"start":{"line":130,"column":33},"end":{"line":179,"column":null}},"39":{"start":{"line":131,"column":4},"end":{"line":178,"column":null}},"40":{"start":{"line":132,"column":23},"end":{"line":132,"column":null}},"41":{"start":{"line":133,"column":23},"end":{"line":133,"column":null}},"42":{"start":{"line":135,"column":8},"end":{"line":139,"column":null}},"43":{"start":{"line":136,"column":12},"end":{"line":138,"column":null}},"44":{"start":{"line":141,"column":36},"end":{"line":143,"column":null}},"45":{"start":{"line":145,"column":8},"end":{"line":149,"column":null}},"46":{"start":{"line":146,"column":12},"end":{"line":148,"column":null}},"47":{"start":{"line":151,"column":8},"end":{"line":155,"column":null}},"48":{"start":{"line":152,"column":12},"end":{"line":154,"column":null}},"49":{"start":{"line":157,"column":8},"end":{"line":161,"column":null}},"50":{"start":{"line":158,"column":12},"end":{"line":160,"column":null}},"51":{"start":{"line":163,"column":37},"end":{"line":166,"column":null}},"52":{"start":{"line":168,"column":8},"end":{"line":171,"column":null}},"53":{"start":{"line":174,"column":8},"end":{"line":174,"column":null}},"54":{"start":{"line":175,"column":8},"end":{"line":177,"column":null}}},"fnMap":{"0":{"name":"(anonymous_0)","decl":{"start":{"line":7,"column":33},"end":{"line":7,"column":40}},"loc":{"start":{"line":7,"column":89},"end":{"line":39,"column":null}},"line":7},"1":{"name":"(anonymous_1)","decl":{"start":{"line":42,"column":33},"end":{"line":42,"column":40}},"loc":{"start":{"line":42,"column":89},"end":{"line":73,"column":null}},"line":42},"2":{"name":"(anonymous_2)","decl":{"start":{"line":76,"column":39},"end":{"line":76,"column":46}},"loc":{"start":{"line":76,"column":95},"end":{"line":127,"column":null}},"line":76},"3":{"name":"(anonymous_3)","decl":{"start":{"line":130,"column":33},"end":{"line":130,"column":40}},"loc":{"start":{"line":130,"column":89},"end":{"line":179,"column":null}},"line":130}},"branchMap":{"0":{"loc":{"start":{"line":12,"column":8},"end":{"line":16,"column":null}},"type":"if","locations":[{"start":{"line":12,"column":8},"end":{"line":16,"column":null}},{"start":{},"end":{}}],"line":12},"1":{"loc":{"start":{"line":12,"column":12},"end":{"line":12,"column":81}},"type":"binary-expr","locations":[{"start":{"line":12,"column":12},"end":{"line":12,"column":30}},{"start":{"line":12,"column":30},"end":{"line":12,"column":39}},{"start":{"line":12,"column":39},"end":{"line":12,"column":53}},{"start":{"line":12,"column":53},"end":{"line":12,"column":65}},{"start":{"line":12,"column":65},"end":{"line":12,"column":81}}],"line":12},"2":{"loc":{"start":{"line":46,"column":8},"end":{"line":50,"column":null}},"type":"if","locations":[{"start":{"line":46,"column":8},"end":{"line":50,"column":null}},{"start":{},"end":{}}],"line":46},"3":{"loc":{"start":{"line":82,"column":8},"end":{"line":86,"column":null}},"type":"if","locations":[{"start":{"line":82,"column":8},"end":{"line":86,"column":null}},{"start":{},"end":{}}],"line":82},"4":{"loc":{"start":{"line":93,"column":8},"end":{"line":97,"column":null}},"type":"if","locations":[{"start":{"line":93,"column":8},"end":{"line":97,"column":null}},{"start":{},"end":{}}],"line":93},"5":{"loc":{"start":{"line":99,"column":8},"end":{"line":103,"column":null}},"type":"if","locations":[{"start":{"line":99,"column":8},"end":{"line":103,"column":null}},{"start":{},"end":{}}],"line":99},"6":{"loc":{"start":{"line":105,"column":8},"end":{"line":109,"column":null}},"type":"if","locations":[{"start":{"line":105,"column":8},"end":{"line":109,"column":null}},{"start":{},"end":{}}],"line":105},"7":{"loc":{"start":{"line":135,"column":8},"end":{"line":139,"column":null}},"type":"if","locations":[{"start":{"line":135,"column":8},"end":{"line":139,"column":null}},{"start":{},"end":{}}],"line":135},"8":{"loc":{"start":{"line":145,"column":8},"end":{"line":149,"column":null}},"type":"if","locations":[{"start":{"line":145,"column":8},"end":{"line":149,"column":null}},{"start":{},"end":{}}],"line":145},"9":{"loc":{"start":{"line":151,"column":8},"end":{"line":155,"column":null}},"type":"if","locations":[{"start":{"line":151,"column":8},"end":{"line":155,"column":null}},{"start":{},"end":{}}],"line":151},"10":{"loc":{"start":{"line":157,"column":8},"end":{"line":161,"column":null}},"type":"if","locations":[{"start":{"line":157,"column":8},"end":{"line":161,"column":null}},{"start":{},"end":{}}],"line":157}},"s":{"0":1,"1":1,"2":3,"3":3,"4":3,"5":3,"6":1,"7":2,"8":1,"9":1,"10":1,"11":1,"12":2,"13":2,"14":2,"15":1,"16":1,"17":1,"18":0,"19":0,"20":1,"21":4,"22":4,"23":4,"24":4,"25":4,"26":0,"27":4,"28":4,"29":1,"30":3,"31":1,"32":2,"33":1,"34":1,"35":1,"36":0,"37":0,"38":1,"39":3,"40":3,"41":3,"42":3,"43":0,"44":3,"45":3,"46":0,"47":3,"48":1,"49":2,"50":1,"51":1,"52":1,"53":0,"54":0},"f":{"0":3,"1":2,"2":4,"3":3},"b":{"0":[1,2],"1":[3,2,2,2,2],"2":[1,1],"3":[0,4],"4":[1,3],"5":[1,2],"6":[1,1],"7":[0,3],"8":[0,3],"9":[1,2],"10":[1,1]},"meta":{"lastBranch":11,"lastFunction":4,"lastStatement":55,"seen":{"s:4:15:4:Infinity":0,"s:7:33:39:Infinity":1,"f:7:33:7:40":0,"s:8:4:38:Infinity":2,"s:9:60:9:Infinity":3,"s:10:30:10:Infinity":4,"b:12:8:16:Infinity:undefined:undefined:undefined:undefined":0,"s:12:8:16:Infinity":5,"b:12:12:12:30:12:30:12:39:12:39:12:53:12:53:12:65:12:65:12:81":1,"s:13:12:15:Infinity":6,"s:18:31:27:Infinity":7,"s:29:8:32:Infinity":8,"s:34:8:34:Infinity":9,"s:35:8:37:Infinity":10,"s:42:33:73:Infinity":11,"f:42:33:42:40":1,"s:43:4:72:Infinity":12,"s:44:23:44:Infinity":13,"b:46:8:50:Infinity:undefined:undefined:undefined:undefined":2,"s:46:8:50:Infinity":14,"s:47:12:49:Infinity":15,"s:52:31:64:Infinity":16,"s:66:8:66:Infinity":17,"s:68:8:68:Infinity":18,"s:69:8:71:Infinity":19,"s:76:39:127:Infinity":20,"f:76:39:76:46":2,"s:77:4:126:Infinity":21,"s:78:23:78:Infinity":22,"s:79:27:79:Infinity":23,"s:80:23:80:Infinity":24,"b:82:8:86:Infinity:undefined:undefined:undefined:undefined":3,"s:82:8:86:Infinity":25,"s:83:12:85:Infinity":26,"s:88:36:91:Infinity":27,"b:93:8:97:Infinity:undefined:undefined:undefined:undefined":4,"s:93:8:97:Infinity":28,"s:94:12:96:Infinity":29,"b:99:8:103:Infinity:undefined:undefined:undefined:undefined":5,"s:99:8:103:Infinity":30,"s:100:12:102:Infinity":31,"b:105:8:109:Infinity:undefined:undefined:undefined:undefined":6,"s:105:8:109:Infinity":32,"s:106:12:108:Infinity":33,"s:111:35:114:Infinity":34,"s:116:8:119:Infinity":35,"s:122:8:122:Infinity":36,"s:123:8:125:Infinity":37,"s:130:33:179:Infinity":38,"f:130:33:130:40":3,"s:131:4:178:Infinity":39,"s:132:23:132:Infinity":40,"s:133:23:133:Infinity":41,"b:135:8:139:Infinity:undefined:undefined:undefined:undefined":7,"s:135:8:139:Infinity":42,"s:136:12:138:Infinity":43,"s:141:36:143:Infinity":44,"b:145:8:149:Infinity:undefined:undefined:undefined:undefined":8,"s:145:8:149:Infinity":45,"s:146:12:148:Infinity":46,"b:151:8:155:Infinity:undefined:undefined:undefined:undefined":9,"s:151:8:155:Infinity":47,"s:152:12:154:Infinity":48,"b:157:8:161:Infinity:undefined:undefined:undefined:undefined":10,"s:157:8:161:Infinity":49,"s:158:12:160:Infinity":50,"s:163:37:166:Infinity":51,"s:168:8:171:Infinity":52,"s:174:8:174:Infinity":53,"s:175:8:177:Infinity":54},"fnNames":{}}}
}
