{"C:\\Proyecto\\SIRE\\backend\\src\\controllers\\auth.controller.ts": {"path":"C:\\Proyecto\\SIRE\\backend\\src\\controllers\\auth.controller.ts","statementMap":{"0":{"start":{"line":4,"column":15},"end":{"line":4,"column":null}},"1":{"start":{"line":7,"column":29},"end":{"line":35,"column":null}},"2":{"start":{"line":8,"column":4},"end":{"line":34,"column":null}},"3":{"start":{"line":9,"column":43},"end":{"line":9,"column":null}},"4":{"start":{"line":11,"column":8},"end":{"line":17,"column":null}},"5":{"start":{"line":12,"column":12},"end":{"line":16,"column":null}},"6":{"start":{"line":19,"column":27},"end":{"line":27,"column":null}},"7":{"start":{"line":29,"column":8},"end":{"line":29,"column":null}},"8":{"start":{"line":31,"column":8},"end":{"line":33,"column":null}},"9":{"start":{"line":38,"column":35},"end":{"line":59,"column":null}},"10":{"start":{"line":39,"column":4},"end":{"line":58,"column":null}},"11":{"start":{"line":40,"column":23},"end":{"line":40,"column":null}},"12":{"start":{"line":42,"column":8},"end":{"line":46,"column":null}},"13":{"start":{"line":43,"column":12},"end":{"line":45,"column":null}},"14":{"start":{"line":48,"column":30},"end":{"line":51,"column":null}},"15":{"start":{"line":53,"column":8},"end":{"line":53,"column":null}},"16":{"start":{"line":55,"column":8},"end":{"line":57,"column":null}},"17":{"start":{"line":62,"column":21},"end":{"line":88,"column":null}},"18":{"start":{"line":63,"column":4},"end":{"line":87,"column":null}},"19":{"start":{"line":64,"column":23},"end":{"line":64,"column":null}},"20":{"start":{"line":66,"column":8},"end":{"line":70,"column":null}},"21":{"start":{"line":67,"column":12},"end":{"line":69,"column":null}},"22":{"start":{"line":72,"column":24},"end":{"line":74,"column":null}},"23":{"start":{"line":76,"column":8},"end":{"line":80,"column":null}},"24":{"start":{"line":77,"column":12},"end":{"line":79,"column":null}},"25":{"start":{"line":82,"column":8},"end":{"line":82,"column":null}},"26":{"start":{"line":84,"column":8},"end":{"line":86,"column":null}}},"fnMap":{"0":{"name":"(anonymous_0)","decl":{"start":{"line":7,"column":29},"end":{"line":7,"column":36}},"loc":{"start":{"line":7,"column":85},"end":{"line":35,"column":null}},"line":7},"1":{"name":"(anonymous_1)","decl":{"start":{"line":38,"column":35},"end":{"line":38,"column":42}},"loc":{"start":{"line":38,"column":91},"end":{"line":59,"column":null}},"line":38},"2":{"name":"(anonymous_2)","decl":{"start":{"line":62,"column":21},"end":{"line":62,"column":28}},"loc":{"start":{"line":62,"column":77},"end":{"line":88,"column":null}},"line":62}},"branchMap":{"0":{"loc":{"start":{"line":11,"column":8},"end":{"line":17,"column":null}},"type":"if","locations":[{"start":{"line":11,"column":8},"end":{"line":17,"column":null}},{"start":{},"end":{}}],"line":11},"1":{"loc":{"start":{"line":11,"column":12},"end":{"line":11,"column":27}},"type":"binary-expr","locations":[{"start":{"line":11,"column":12},"end":{"line":11,"column":19}},{"start":{"line":11,"column":19},"end":{"line":11,"column":27}}],"line":11},"2":{"loc":{"start":{"line":42,"column":8},"end":{"line":46,"column":null}},"type":"if","locations":[{"start":{"line":42,"column":8},"end":{"line":46,"column":null}},{"start":{},"end":{}}],"line":42},"3":{"loc":{"start":{"line":66,"column":8},"end":{"line":70,"column":null}},"type":"if","locations":[{"start":{"line":66,"column":8},"end":{"line":70,"column":null}},{"start":{},"end":{}}],"line":66},"4":{"loc":{"start":{"line":76,"column":8},"end":{"line":80,"column":null}},"type":"if","locations":[{"start":{"line":76,"column":8},"end":{"line":80,"column":null}},{"start":{},"end":{}}],"line":76}},"s":{"0":1,"1":1,"2":3,"3":3,"4":3,"5":1,"6":2,"7":1,"8":1,"9":1,"10":3,"11":3,"12":3,"13":1,"14":2,"15":1,"16":1,"17":1,"18":3,"19":3,"20":3,"21":1,"22":2,"23":2,"24":1,"25":1,"26":0},"f":{"0":3,"1":3,"2":3},"b":{"0":[1,2],"1":[3,2],"2":[1,2],"3":[1,2],"4":[1,1]},"meta":{"lastBranch":5,"lastFunction":3,"lastStatement":27,"seen":{"s:4:15:4:Infinity":0,"s:7:29:35:Infinity":1,"f:7:29:7:36":0,"s:8:4:34:Infinity":2,"s:9:43:9:Infinity":3,"b:11:8:17:Infinity:undefined:undefined:undefined:undefined":0,"s:11:8:17:Infinity":4,"b:11:12:11:19:11:19:11:27":1,"s:12:12:16:Infinity":5,"s:19:27:27:Infinity":6,"s:29:8:29:Infinity":7,"s:31:8:33:Infinity":8,"s:38:35:59:Infinity":9,"f:38:35:38:42":1,"s:39:4:58:Infinity":10,"s:40:23:40:Infinity":11,"b:42:8:46:Infinity:undefined:undefined:undefined:undefined":2,"s:42:8:46:Infinity":12,"s:43:12:45:Infinity":13,"s:48:30:51:Infinity":14,"s:53:8:53:Infinity":15,"s:55:8:57:Infinity":16,"s:62:21:88:Infinity":17,"f:62:21:62:28":2,"s:63:4:87:Infinity":18,"s:64:23:64:Infinity":19,"b:66:8:70:Infinity:undefined:undefined:undefined:undefined":3,"s:66:8:70:Infinity":20,"s:67:12:69:Infinity":21,"s:72:24:74:Infinity":22,"b:76:8:80:Infinity:undefined:undefined:undefined:undefined":4,"s:76:8:80:Infinity":23,"s:77:12:79:Infinity":24,"s:82:8:82:Infinity":25,"s:84:8:86:Infinity":26},"fnNames":{}}}
,"C:\\Proyecto\\SIRE\\backend\\src\\controllers\\publication.controller.ts": {"path":"C:\\Proyecto\\SIRE\\backend\\src\\controllers\\publication.controller.ts","statementMap":{"0":{"start":{"line":4,"column":15},"end":{"line":4,"column":null}},"1":{"start":{"line":6,"column":27},"end":{"line":6,"column":null}},"2":{"start":{"line":9,"column":31},"end":{"line":28,"column":null}},"3":{"start":{"line":10,"column":4},"end":{"line":27,"column":null}},"4":{"start":{"line":11,"column":27},"end":{"line":11,"column":null}},"5":{"start":{"line":13,"column":29},"end":{"line":20,"column":null}},"6":{"start":{"line":22,"column":8},"end":{"line":22,"column":null}},"7":{"start":{"line":24,"column":8},"end":{"line":26,"column":null}},"8":{"start":{"line":31,"column":33},"end":{"line":51,"column":null}},"9":{"start":{"line":32,"column":4},"end":{"line":50,"column":null}},"10":{"start":{"line":33,"column":23},"end":{"line":33,"column":null}},"11":{"start":{"line":35,"column":8},"end":{"line":39,"column":null}},"12":{"start":{"line":36,"column":12},"end":{"line":38,"column":null}},"13":{"start":{"line":41,"column":31},"end":{"line":43,"column":null}},"14":{"start":{"line":45,"column":8},"end":{"line":45,"column":null}},"15":{"start":{"line":47,"column":8},"end":{"line":49,"column":null}},"16":{"start":{"line":54,"column":33},"end":{"line":109,"column":null}},"17":{"start":{"line":55,"column":4},"end":{"line":108,"column":null}},"18":{"start":{"line":56,"column":96},"end":{"line":56,"column":null}},"19":{"start":{"line":58,"column":8},"end":{"line":62,"column":null}},"20":{"start":{"line":59,"column":12},"end":{"line":61,"column":null}},"21":{"start":{"line":64,"column":8},"end":{"line":71,"column":null}},"22":{"start":{"line":65,"column":12},"end":{"line":70,"column":null}},"23":{"start":{"line":73,"column":28},"end":{"line":75,"column":null}},"24":{"start":{"line":77,"column":8},"end":{"line":84,"column":null}},"25":{"start":{"line":78,"column":12},"end":{"line":83,"column":null}},"26":{"start":{"line":86,"column":31},"end":{"line":97,"column":null}},"27":{"start":{"line":99,"column":8},"end":{"line":102,"column":null}},"28":{"start":{"line":104,"column":8},"end":{"line":104,"column":null}},"29":{"start":{"line":105,"column":8},"end":{"line":107,"column":null}},"30":{"start":{"line":112,"column":34},"end":{"line":131,"column":null}},"31":{"start":{"line":113,"column":4},"end":{"line":130,"column":null}},"32":{"start":{"line":114,"column":23},"end":{"line":114,"column":null}},"33":{"start":{"line":116,"column":28},"end":{"line":121,"column":null}},"34":{"start":{"line":123,"column":8},"end":{"line":125,"column":null}},"35":{"start":{"line":124,"column":12},"end":{"line":124,"column":null}},"36":{"start":{"line":127,"column":8},"end":{"line":127,"column":null}},"37":{"start":{"line":129,"column":8},"end":{"line":129,"column":null}},"38":{"start":{"line":134,"column":33},"end":{"line":155,"column":null}},"39":{"start":{"line":135,"column":4},"end":{"line":154,"column":null}},"40":{"start":{"line":136,"column":23},"end":{"line":136,"column":null}},"41":{"start":{"line":137,"column":23},"end":{"line":137,"column":null}},"42":{"start":{"line":138,"column":27},"end":{"line":138,"column":null}},"43":{"start":{"line":140,"column":8},"end":{"line":140,"column":null}},"44":{"start":{"line":140,"column":21},"end":{"line":140,"column":null}},"45":{"start":{"line":142,"column":25},"end":{"line":142,"column":null}},"46":{"start":{"line":143,"column":8},"end":{"line":143,"column":null}},"47":{"start":{"line":143,"column":23},"end":{"line":143,"column":null}},"48":{"start":{"line":144,"column":8},"end":{"line":144,"column":null}},"49":{"start":{"line":144,"column":41},"end":{"line":144,"column":null}},"50":{"start":{"line":146,"column":35},"end":{"line":149,"column":null}},"51":{"start":{"line":151,"column":8},"end":{"line":151,"column":null}},"52":{"start":{"line":153,"column":8},"end":{"line":153,"column":null}},"53":{"start":{"line":158,"column":33},"end":{"line":175,"column":null}},"54":{"start":{"line":159,"column":4},"end":{"line":174,"column":null}},"55":{"start":{"line":160,"column":23},"end":{"line":160,"column":null}},"56":{"start":{"line":161,"column":23},"end":{"line":161,"column":null}},"57":{"start":{"line":163,"column":8},"end":{"line":163,"column":null}},"58":{"start":{"line":163,"column":21},"end":{"line":163,"column":null}},"59":{"start":{"line":165,"column":25},"end":{"line":165,"column":null}},"60":{"start":{"line":166,"column":8},"end":{"line":166,"column":null}},"61":{"start":{"line":166,"column":23},"end":{"line":166,"column":null}},"62":{"start":{"line":167,"column":8},"end":{"line":167,"column":null}},"63":{"start":{"line":167,"column":41},"end":{"line":167,"column":null}},"64":{"start":{"line":169,"column":8},"end":{"line":169,"column":null}},"65":{"start":{"line":171,"column":8},"end":{"line":171,"column":null}},"66":{"start":{"line":173,"column":8},"end":{"line":173,"column":null}}},"fnMap":{"0":{"name":"(anonymous_0)","decl":{"start":{"line":9,"column":31},"end":{"line":9,"column":38}},"loc":{"start":{"line":9,"column":87},"end":{"line":28,"column":null}},"line":9},"1":{"name":"(anonymous_1)","decl":{"start":{"line":31,"column":33},"end":{"line":31,"column":40}},"loc":{"start":{"line":31,"column":89},"end":{"line":51,"column":null}},"line":31},"2":{"name":"(anonymous_2)","decl":{"start":{"line":54,"column":33},"end":{"line":54,"column":40}},"loc":{"start":{"line":54,"column":89},"end":{"line":109,"column":null}},"line":54},"3":{"name":"(anonymous_3)","decl":{"start":{"line":112,"column":34},"end":{"line":112,"column":41}},"loc":{"start":{"line":112,"column":90},"end":{"line":131,"column":null}},"line":112},"4":{"name":"(anonymous_4)","decl":{"start":{"line":134,"column":33},"end":{"line":134,"column":40}},"loc":{"start":{"line":134,"column":89},"end":{"line":155,"column":null}},"line":134},"5":{"name":"(anonymous_5)","decl":{"start":{"line":158,"column":33},"end":{"line":158,"column":40}},"loc":{"start":{"line":158,"column":89},"end":{"line":175,"column":null}},"line":158}},"branchMap":{"0":{"loc":{"start":{"line":14,"column":19},"end":{"line":14,"column":null}},"type":"cond-expr","locations":[{"start":{"line":14,"column":28},"end":{"line":14,"column":82}},{"start":{"line":14,"column":82},"end":{"line":14,"column":null}}],"line":14},"1":{"loc":{"start":{"line":35,"column":8},"end":{"line":39,"column":null}},"type":"if","locations":[{"start":{"line":35,"column":8},"end":{"line":39,"column":null}},{"start":{},"end":{}}],"line":35},"2":{"loc":{"start":{"line":58,"column":8},"end":{"line":62,"column":null}},"type":"if","locations":[{"start":{"line":58,"column":8},"end":{"line":62,"column":null}},{"start":{},"end":{}}],"line":58},"3":{"loc":{"start":{"line":58,"column":12},"end":{"line":58,"column":73}},"type":"binary-expr","locations":[{"start":{"line":58,"column":12},"end":{"line":58,"column":22}},{"start":{"line":58,"column":22},"end":{"line":58,"column":35}},{"start":{"line":58,"column":35},"end":{"line":58,"column":46}},{"start":{"line":58,"column":46},"end":{"line":58,"column":63}},{"start":{"line":58,"column":63},"end":{"line":58,"column":73}}],"line":58},"4":{"loc":{"start":{"line":64,"column":8},"end":{"line":71,"column":null}},"type":"if","locations":[{"start":{"line":64,"column":8},"end":{"line":71,"column":null}},{"start":{},"end":{}}],"line":64},"5":{"loc":{"start":{"line":77,"column":8},"end":{"line":84,"column":null}},"type":"if","locations":[{"start":{"line":77,"column":8},"end":{"line":84,"column":null}},{"start":{},"end":{}}],"line":77},"6":{"loc":{"start":{"line":123,"column":8},"end":{"line":125,"column":null}},"type":"if","locations":[{"start":{"line":123,"column":8},"end":{"line":125,"column":null}},{"start":{},"end":{}}],"line":123},"7":{"loc":{"start":{"line":140,"column":8},"end":{"line":140,"column":null}},"type":"if","locations":[{"start":{"line":140,"column":8},"end":{"line":140,"column":null}},{"start":{},"end":{}}],"line":140},"8":{"loc":{"start":{"line":143,"column":8},"end":{"line":143,"column":null}},"type":"if","locations":[{"start":{"line":143,"column":8},"end":{"line":143,"column":null}},{"start":{},"end":{}}],"line":143},"9":{"loc":{"start":{"line":144,"column":8},"end":{"line":144,"column":null}},"type":"if","locations":[{"start":{"line":144,"column":8},"end":{"line":144,"column":null}},{"start":{},"end":{}}],"line":144},"10":{"loc":{"start":{"line":163,"column":8},"end":{"line":163,"column":null}},"type":"if","locations":[{"start":{"line":163,"column":8},"end":{"line":163,"column":null}},{"start":{},"end":{}}],"line":163},"11":{"loc":{"start":{"line":166,"column":8},"end":{"line":166,"column":null}},"type":"if","locations":[{"start":{"line":166,"column":8},"end":{"line":166,"column":null}},{"start":{},"end":{}}],"line":166},"12":{"loc":{"start":{"line":167,"column":8},"end":{"line":167,"column":null}},"type":"if","locations":[{"start":{"line":167,"column":8},"end":{"line":167,"column":null}},{"start":{},"end":{}}],"line":167}},"s":{"0":1,"1":1,"2":1,"3":2,"4":2,"5":2,"6":1,"7":1,"8":1,"9":2,"10":2,"11":2,"12":1,"13":1,"14":1,"15":0,"16":1,"17":4,"18":4,"19":4,"20":1,"21":3,"22":1,"23":2,"24":2,"25":1,"26":1,"27":1,"28":0,"29":0,"30":1,"31":2,"32":2,"33":2,"34":2,"35":1,"36":1,"37":0,"38":1,"39":2,"40":2,"41":2,"42":2,"43":2,"44":0,"45":2,"46":2,"47":0,"48":2,"49":1,"50":1,"51":1,"52":0,"53":1,"54":2,"55":2,"56":2,"57":2,"58":0,"59":2,"60":2,"61":0,"62":2,"63":1,"64":1,"65":1,"66":0},"f":{"0":2,"1":2,"2":4,"3":2,"4":2,"5":2},"b":{"0":[0,2],"1":[1,1],"2":[1,3],"3":[4,4,3,3,3],"4":[1,2],"5":[1,1],"6":[1,1],"7":[0,2],"8":[0,2],"9":[1,1],"10":[0,2],"11":[0,2],"12":[1,1]},"meta":{"lastBranch":13,"lastFunction":6,"lastStatement":67,"seen":{"s:4:15:4:Infinity":0,"s:6:27:6:Infinity":1,"s:9:31:28:Infinity":2,"f:9:31:9:38":0,"s:10:4:27:Infinity":3,"s:11:27:11:Infinity":4,"s:13:29:20:Infinity":5,"b:14:28:14:82:14:82:14:Infinity":0,"s:22:8:22:Infinity":6,"s:24:8:26:Infinity":7,"s:31:33:51:Infinity":8,"f:31:33:31:40":1,"s:32:4:50:Infinity":9,"s:33:23:33:Infinity":10,"b:35:8:39:Infinity:undefined:undefined:undefined:undefined":1,"s:35:8:39:Infinity":11,"s:36:12:38:Infinity":12,"s:41:31:43:Infinity":13,"s:45:8:45:Infinity":14,"s:47:8:49:Infinity":15,"s:54:33:109:Infinity":16,"f:54:33:54:40":2,"s:55:4:108:Infinity":17,"s:56:96:56:Infinity":18,"b:58:8:62:Infinity:undefined:undefined:undefined:undefined":2,"s:58:8:62:Infinity":19,"b:58:12:58:22:58:22:58:35:58:35:58:46:58:46:58:63:58:63:58:73":3,"s:59:12:61:Infinity":20,"b:64:8:71:Infinity:undefined:undefined:undefined:undefined":4,"s:64:8:71:Infinity":21,"s:65:12:70:Infinity":22,"s:73:28:75:Infinity":23,"b:77:8:84:Infinity:undefined:undefined:undefined:undefined":5,"s:77:8:84:Infinity":24,"s:78:12:83:Infinity":25,"s:86:31:97:Infinity":26,"s:99:8:102:Infinity":27,"s:104:8:104:Infinity":28,"s:105:8:107:Infinity":29,"s:112:34:131:Infinity":30,"f:112:34:112:41":3,"s:113:4:130:Infinity":31,"s:114:23:114:Infinity":32,"s:116:28:121:Infinity":33,"b:123:8:125:Infinity:undefined:undefined:undefined:undefined":6,"s:123:8:125:Infinity":34,"s:124:12:124:Infinity":35,"s:127:8:127:Infinity":36,"s:129:8:129:Infinity":37,"s:134:33:155:Infinity":38,"f:134:33:134:40":4,"s:135:4:154:Infinity":39,"s:136:23:136:Infinity":40,"s:137:23:137:Infinity":41,"s:138:27:138:Infinity":42,"b:140:8:140:Infinity:undefined:undefined:undefined:undefined":7,"s:140:8:140:Infinity":43,"s:140:21:140:Infinity":44,"s:142:25:142:Infinity":45,"b:143:8:143:Infinity:undefined:undefined:undefined:undefined":8,"s:143:8:143:Infinity":46,"s:143:23:143:Infinity":47,"b:144:8:144:Infinity:undefined:undefined:undefined:undefined":9,"s:144:8:144:Infinity":48,"s:144:41:144:Infinity":49,"s:146:35:149:Infinity":50,"s:151:8:151:Infinity":51,"s:153:8:153:Infinity":52,"s:158:33:175:Infinity":53,"f:158:33:158:40":5,"s:159:4:174:Infinity":54,"s:160:23:160:Infinity":55,"s:161:23:161:Infinity":56,"b:163:8:163:Infinity:undefined:undefined:undefined:undefined":10,"s:163:8:163:Infinity":57,"s:163:21:163:Infinity":58,"s:165:25:165:Infinity":59,"b:166:8:166:Infinity:undefined:undefined:undefined:undefined":11,"s:166:8:166:Infinity":60,"s:166:23:166:Infinity":61,"b:167:8:167:Infinity:undefined:undefined:undefined:undefined":12,"s:167:8:167:Infinity":62,"s:167:41:167:Infinity":63,"s:169:8:169:Infinity":64,"s:171:8:171:Infinity":65,"s:173:8:173:Infinity":66},"fnNames":{}}}
,"C:\\Proyecto\\SIRE\\backend\\src\\controllers\\reservation.controller.ts": {"path":"C:\\Proyecto\\SIRE\\backend\\src\\controllers\\reservation.controller.ts","statementMap":{"0":{"start":{"line":4,"column":15},"end":{"line":4,"column":null}},"1":{"start":{"line":8,"column":14},"end":{"line":8,"column":null}},"2":{"start":{"line":9,"column":4},"end":{"line":11,"column":null}},"3":{"start":{"line":10,"column":8},"end":{"line":10,"column":null}},"4":{"start":{"line":12,"column":4},"end":{"line":12,"column":null}},"5":{"start":{"line":16,"column":33},"end":{"line":87,"column":null}},"6":{"start":{"line":17,"column":4},"end":{"line":86,"column":null}},"7":{"start":{"line":18,"column":30},"end":{"line":18,"column":null}},"8":{"start":{"line":20,"column":8},"end":{"line":24,"column":null}},"9":{"start":{"line":21,"column":12},"end":{"line":23,"column":null}},"10":{"start":{"line":26,"column":60},"end":{"line":26,"column":null}},"11":{"start":{"line":28,"column":8},"end":{"line":32,"column":null}},"12":{"start":{"line":29,"column":12},"end":{"line":31,"column":null}},"13":{"start":{"line":35,"column":8},"end":{"line":41,"column":null}},"14":{"start":{"line":36,"column":12},"end":{"line":36,"column":null}},"15":{"start":{"line":38,"column":12},"end":{"line":40,"column":null}},"16":{"start":{"line":44,"column":28},"end":{"line":47,"column":null}},"17":{"start":{"line":49,"column":8},"end":{"line":53,"column":null}},"18":{"start":{"line":50,"column":12},"end":{"line":52,"column":null}},"19":{"start":{"line":55,"column":31},"end":{"line":64,"column":null}},"20":{"start":{"line":67,"column":8},"end":{"line":75,"column":null}},"21":{"start":{"line":77,"column":8},"end":{"line":80,"column":null}},"22":{"start":{"line":82,"column":8},"end":{"line":82,"column":null}},"23":{"start":{"line":83,"column":8},"end":{"line":85,"column":null}},"24":{"start":{"line":90,"column":33},"end":{"line":121,"column":null}},"25":{"start":{"line":91,"column":4},"end":{"line":120,"column":null}},"26":{"start":{"line":92,"column":23},"end":{"line":92,"column":null}},"27":{"start":{"line":94,"column":8},"end":{"line":98,"column":null}},"28":{"start":{"line":95,"column":12},"end":{"line":97,"column":null}},"29":{"start":{"line":100,"column":31},"end":{"line":112,"column":null}},"30":{"start":{"line":114,"column":8},"end":{"line":114,"column":null}},"31":{"start":{"line":116,"column":8},"end":{"line":116,"column":null}},"32":{"start":{"line":117,"column":8},"end":{"line":119,"column":null}},"33":{"start":{"line":124,"column":39},"end":{"line":162,"column":null}},"34":{"start":{"line":125,"column":4},"end":{"line":161,"column":null}},"35":{"start":{"line":126,"column":23},"end":{"line":126,"column":null}},"36":{"start":{"line":128,"column":8},"end":{"line":132,"column":null}},"37":{"start":{"line":129,"column":12},"end":{"line":131,"column":null}},"38":{"start":{"line":134,"column":37},"end":{"line":153,"column":null}},"39":{"start":{"line":155,"column":8},"end":{"line":155,"column":null}},"40":{"start":{"line":157,"column":8},"end":{"line":157,"column":null}},"41":{"start":{"line":158,"column":8},"end":{"line":160,"column":null}},"42":{"start":{"line":165,"column":34},"end":{"line":210,"column":null}},"43":{"start":{"line":166,"column":4},"end":{"line":209,"column":null}},"44":{"start":{"line":167,"column":23},"end":{"line":167,"column":null}},"45":{"start":{"line":168,"column":23},"end":{"line":168,"column":null}},"46":{"start":{"line":170,"column":8},"end":{"line":174,"column":null}},"47":{"start":{"line":171,"column":12},"end":{"line":173,"column":null}},"48":{"start":{"line":176,"column":28},"end":{"line":188,"column":null}},"49":{"start":{"line":190,"column":8},"end":{"line":194,"column":null}},"50":{"start":{"line":191,"column":12},"end":{"line":193,"column":null}},"51":{"start":{"line":197,"column":8},"end":{"line":201,"column":null}},"52":{"start":{"line":198,"column":12},"end":{"line":200,"column":null}},"53":{"start":{"line":203,"column":8},"end":{"line":203,"column":null}},"54":{"start":{"line":205,"column":8},"end":{"line":205,"column":null}},"55":{"start":{"line":206,"column":8},"end":{"line":208,"column":null}},"56":{"start":{"line":213,"column":39},"end":{"line":283,"column":null}},"57":{"start":{"line":214,"column":4},"end":{"line":282,"column":null}},"58":{"start":{"line":215,"column":23},"end":{"line":215,"column":null}},"59":{"start":{"line":216,"column":27},"end":{"line":216,"column":null}},"60":{"start":{"line":217,"column":23},"end":{"line":217,"column":null}},"61":{"start":{"line":219,"column":8},"end":{"line":223,"column":null}},"62":{"start":{"line":220,"column":12},"end":{"line":222,"column":null}},"63":{"start":{"line":225,"column":36},"end":{"line":228,"column":null}},"64":{"start":{"line":230,"column":8},"end":{"line":234,"column":null}},"65":{"start":{"line":231,"column":12},"end":{"line":233,"column":null}},"66":{"start":{"line":236,"column":8},"end":{"line":240,"column":null}},"67":{"start":{"line":237,"column":12},"end":{"line":239,"column":null}},"68":{"start":{"line":242,"column":8},"end":{"line":246,"column":null}},"69":{"start":{"line":243,"column":12},"end":{"line":245,"column":null}},"70":{"start":{"line":248,"column":35},"end":{"line":251,"column":null}},"71":{"start":{"line":253,"column":52},"end":{"line":259,"column":null}},"72":{"start":{"line":260,"column":31},"end":{"line":260,"column":null}},"73":{"start":{"line":262,"column":8},"end":{"line":270,"column":null}},"74":{"start":{"line":272,"column":8},"end":{"line":275,"column":null}},"75":{"start":{"line":278,"column":8},"end":{"line":278,"column":null}},"76":{"start":{"line":279,"column":8},"end":{"line":281,"column":null}},"77":{"start":{"line":286,"column":33},"end":{"line":346,"column":null}},"78":{"start":{"line":287,"column":4},"end":{"line":345,"column":null}},"79":{"start":{"line":288,"column":23},"end":{"line":288,"column":null}},"80":{"start":{"line":289,"column":23},"end":{"line":289,"column":null}},"81":{"start":{"line":291,"column":8},"end":{"line":295,"column":null}},"82":{"start":{"line":292,"column":12},"end":{"line":294,"column":null}},"83":{"start":{"line":297,"column":36},"end":{"line":300,"column":null}},"84":{"start":{"line":302,"column":8},"end":{"line":306,"column":null}},"85":{"start":{"line":303,"column":12},"end":{"line":305,"column":null}},"86":{"start":{"line":308,"column":8},"end":{"line":312,"column":null}},"87":{"start":{"line":309,"column":12},"end":{"line":311,"column":null}},"88":{"start":{"line":314,"column":8},"end":{"line":318,"column":null}},"89":{"start":{"line":315,"column":12},"end":{"line":317,"column":null}},"90":{"start":{"line":320,"column":37},"end":{"line":323,"column":null}},"91":{"start":{"line":325,"column":8},"end":{"line":333,"column":null}},"92":{"start":{"line":335,"column":8},"end":{"line":338,"column":null}},"93":{"start":{"line":341,"column":8},"end":{"line":341,"column":null}},"94":{"start":{"line":342,"column":8},"end":{"line":344,"column":null}}},"fnMap":{"0":{"name":"parseDate","decl":{"start":{"line":7,"column":9},"end":{"line":7,"column":19}},"loc":{"start":{"line":7,"column":42},"end":{"line":13,"column":null}},"line":7},"1":{"name":"(anonymous_1)","decl":{"start":{"line":16,"column":33},"end":{"line":16,"column":40}},"loc":{"start":{"line":16,"column":89},"end":{"line":87,"column":null}},"line":16},"2":{"name":"(anonymous_2)","decl":{"start":{"line":90,"column":33},"end":{"line":90,"column":40}},"loc":{"start":{"line":90,"column":89},"end":{"line":121,"column":null}},"line":90},"3":{"name":"(anonymous_3)","decl":{"start":{"line":124,"column":39},"end":{"line":124,"column":46}},"loc":{"start":{"line":124,"column":95},"end":{"line":162,"column":null}},"line":124},"4":{"name":"(anonymous_4)","decl":{"start":{"line":165,"column":34},"end":{"line":165,"column":41}},"loc":{"start":{"line":165,"column":90},"end":{"line":210,"column":null}},"line":165},"5":{"name":"(anonymous_5)","decl":{"start":{"line":213,"column":39},"end":{"line":213,"column":46}},"loc":{"start":{"line":213,"column":95},"end":{"line":283,"column":null}},"line":213},"6":{"name":"(anonymous_6)","decl":{"start":{"line":286,"column":33},"end":{"line":286,"column":40}},"loc":{"start":{"line":286,"column":89},"end":{"line":346,"column":null}},"line":286}},"branchMap":{"0":{"loc":{"start":{"line":9,"column":4},"end":{"line":11,"column":null}},"type":"if","locations":[{"start":{"line":9,"column":4},"end":{"line":11,"column":null}},{"start":{},"end":{}}],"line":9},"1":{"loc":{"start":{"line":20,"column":8},"end":{"line":24,"column":null}},"type":"if","locations":[{"start":{"line":20,"column":8},"end":{"line":24,"column":null}},{"start":{},"end":{}}],"line":20},"2":{"loc":{"start":{"line":28,"column":8},"end":{"line":32,"column":null}},"type":"if","locations":[{"start":{"line":28,"column":8},"end":{"line":32,"column":null}},{"start":{},"end":{}}],"line":28},"3":{"loc":{"start":{"line":28,"column":12},"end":{"line":28,"column":63}},"type":"binary-expr","locations":[{"start":{"line":28,"column":12},"end":{"line":28,"column":30}},{"start":{"line":28,"column":30},"end":{"line":28,"column":39}},{"start":{"line":28,"column":39},"end":{"line":28,"column":53}},{"start":{"line":28,"column":53},"end":{"line":28,"column":63}}],"line":28},"4":{"loc":{"start":{"line":49,"column":8},"end":{"line":53,"column":null}},"type":"if","locations":[{"start":{"line":49,"column":8},"end":{"line":53,"column":null}},{"start":{},"end":{}}],"line":49},"5":{"loc":{"start":{"line":94,"column":8},"end":{"line":98,"column":null}},"type":"if","locations":[{"start":{"line":94,"column":8},"end":{"line":98,"column":null}},{"start":{},"end":{}}],"line":94},"6":{"loc":{"start":{"line":128,"column":8},"end":{"line":132,"column":null}},"type":"if","locations":[{"start":{"line":128,"column":8},"end":{"line":132,"column":null}},{"start":{},"end":{}}],"line":128},"7":{"loc":{"start":{"line":170,"column":8},"end":{"line":174,"column":null}},"type":"if","locations":[{"start":{"line":170,"column":8},"end":{"line":174,"column":null}},{"start":{},"end":{}}],"line":170},"8":{"loc":{"start":{"line":190,"column":8},"end":{"line":194,"column":null}},"type":"if","locations":[{"start":{"line":190,"column":8},"end":{"line":194,"column":null}},{"start":{},"end":{}}],"line":190},"9":{"loc":{"start":{"line":197,"column":8},"end":{"line":201,"column":null}},"type":"if","locations":[{"start":{"line":197,"column":8},"end":{"line":201,"column":null}},{"start":{},"end":{}}],"line":197},"10":{"loc":{"start":{"line":197,"column":12},"end":{"line":197,"column":96}},"type":"binary-expr","locations":[{"start":{"line":197,"column":12},"end":{"line":197,"column":52}},{"start":{"line":197,"column":52},"end":{"line":197,"column":96}}],"line":197},"11":{"loc":{"start":{"line":219,"column":8},"end":{"line":223,"column":null}},"type":"if","locations":[{"start":{"line":219,"column":8},"end":{"line":223,"column":null}},{"start":{},"end":{}}],"line":219},"12":{"loc":{"start":{"line":230,"column":8},"end":{"line":234,"column":null}},"type":"if","locations":[{"start":{"line":230,"column":8},"end":{"line":234,"column":null}},{"start":{},"end":{}}],"line":230},"13":{"loc":{"start":{"line":236,"column":8},"end":{"line":240,"column":null}},"type":"if","locations":[{"start":{"line":236,"column":8},"end":{"line":240,"column":null}},{"start":{},"end":{}}],"line":236},"14":{"loc":{"start":{"line":242,"column":8},"end":{"line":246,"column":null}},"type":"if","locations":[{"start":{"line":242,"column":8},"end":{"line":246,"column":null}},{"start":{},"end":{}}],"line":242},"15":{"loc":{"start":{"line":260,"column":31},"end":{"line":260,"column":null}},"type":"binary-expr","locations":[{"start":{"line":260,"column":31},"end":{"line":260,"column":54}},{"start":{"line":260,"column":54},"end":{"line":260,"column":null}}],"line":260},"16":{"loc":{"start":{"line":291,"column":8},"end":{"line":295,"column":null}},"type":"if","locations":[{"start":{"line":291,"column":8},"end":{"line":295,"column":null}},{"start":{},"end":{}}],"line":291},"17":{"loc":{"start":{"line":302,"column":8},"end":{"line":306,"column":null}},"type":"if","locations":[{"start":{"line":302,"column":8},"end":{"line":306,"column":null}},{"start":{},"end":{}}],"line":302},"18":{"loc":{"start":{"line":308,"column":8},"end":{"line":312,"column":null}},"type":"if","locations":[{"start":{"line":308,"column":8},"end":{"line":312,"column":null}},{"start":{},"end":{}}],"line":308},"19":{"loc":{"start":{"line":314,"column":8},"end":{"line":318,"column":null}},"type":"if","locations":[{"start":{"line":314,"column":8},"end":{"line":318,"column":null}},{"start":{},"end":{}}],"line":314}},"s":{"0":1,"1":3,"2":3,"3":1,"4":2,"5":1,"6":4,"7":4,"8":4,"9":0,"10":4,"11":4,"12":1,"13":3,"14":3,"15":1,"16":2,"17":2,"18":0,"19":2,"20":1,"21":1,"22":1,"23":1,"24":1,"25":2,"26":2,"27":2,"28":1,"29":1,"30":1,"31":0,"32":0,"33":1,"34":3,"35":3,"36":3,"37":1,"38":2,"39":1,"40":1,"41":1,"42":1,"43":6,"44":6,"45":6,"46":6,"47":1,"48":5,"49":4,"50":1,"51":3,"52":1,"53":2,"54":1,"55":1,"56":1,"57":4,"58":4,"59":4,"60":4,"61":4,"62":0,"63":4,"64":4,"65":1,"66":3,"67":1,"68":2,"69":1,"70":1,"71":1,"72":1,"73":4,"74":1,"75":0,"76":0,"77":1,"78":4,"79":4,"80":4,"81":4,"82":0,"83":4,"84":4,"85":1,"86":3,"87":1,"88":2,"89":1,"90":1,"91":1,"92":1,"93":0,"94":0},"f":{"0":3,"1":4,"2":2,"3":3,"4":6,"5":4,"6":4},"b":{"0":[1,2],"1":[0,4],"2":[1,3],"3":[4,3,3,3],"4":[0,2],"5":[1,1],"6":[1,2],"7":[1,5],"8":[1,3],"9":[1,2],"10":[3,2],"11":[0,4],"12":[1,3],"13":[1,2],"14":[1,1],"15":[1,1],"16":[0,4],"17":[1,3],"18":[1,2],"19":[1,1]},"meta":{"lastBranch":20,"lastFunction":7,"lastStatement":95,"seen":{"s:4:15:4:Infinity":0,"f:7:9:7:19":0,"s:8:14:8:Infinity":1,"b:9:4:11:Infinity:undefined:undefined:undefined:undefined":0,"s:9:4:11:Infinity":2,"s:10:8:10:Infinity":3,"s:12:4:12:Infinity":4,"s:16:33:87:Infinity":5,"f:16:33:16:40":1,"s:17:4:86:Infinity":6,"s:18:30:18:Infinity":7,"b:20:8:24:Infinity:undefined:undefined:undefined:undefined":1,"s:20:8:24:Infinity":8,"s:21:12:23:Infinity":9,"s:26:60:26:Infinity":10,"b:28:8:32:Infinity:undefined:undefined:undefined:undefined":2,"s:28:8:32:Infinity":11,"b:28:12:28:30:28:30:28:39:28:39:28:53:28:53:28:63":3,"s:29:12:31:Infinity":12,"s:35:8:41:Infinity":13,"s:36:12:36:Infinity":14,"s:38:12:40:Infinity":15,"s:44:28:47:Infinity":16,"b:49:8:53:Infinity:undefined:undefined:undefined:undefined":4,"s:49:8:53:Infinity":17,"s:50:12:52:Infinity":18,"s:55:31:64:Infinity":19,"s:67:8:75:Infinity":20,"s:77:8:80:Infinity":21,"s:82:8:82:Infinity":22,"s:83:8:85:Infinity":23,"s:90:33:121:Infinity":24,"f:90:33:90:40":2,"s:91:4:120:Infinity":25,"s:92:23:92:Infinity":26,"b:94:8:98:Infinity:undefined:undefined:undefined:undefined":5,"s:94:8:98:Infinity":27,"s:95:12:97:Infinity":28,"s:100:31:112:Infinity":29,"s:114:8:114:Infinity":30,"s:116:8:116:Infinity":31,"s:117:8:119:Infinity":32,"s:124:39:162:Infinity":33,"f:124:39:124:46":3,"s:125:4:161:Infinity":34,"s:126:23:126:Infinity":35,"b:128:8:132:Infinity:undefined:undefined:undefined:undefined":6,"s:128:8:132:Infinity":36,"s:129:12:131:Infinity":37,"s:134:37:153:Infinity":38,"s:155:8:155:Infinity":39,"s:157:8:157:Infinity":40,"s:158:8:160:Infinity":41,"s:165:34:210:Infinity":42,"f:165:34:165:41":4,"s:166:4:209:Infinity":43,"s:167:23:167:Infinity":44,"s:168:23:168:Infinity":45,"b:170:8:174:Infinity:undefined:undefined:undefined:undefined":7,"s:170:8:174:Infinity":46,"s:171:12:173:Infinity":47,"s:176:28:188:Infinity":48,"b:190:8:194:Infinity:undefined:undefined:undefined:undefined":8,"s:190:8:194:Infinity":49,"s:191:12:193:Infinity":50,"b:197:8:201:Infinity:undefined:undefined:undefined:undefined":9,"s:197:8:201:Infinity":51,"b:197:12:197:52:197:52:197:96":10,"s:198:12:200:Infinity":52,"s:203:8:203:Infinity":53,"s:205:8:205:Infinity":54,"s:206:8:208:Infinity":55,"s:213:39:283:Infinity":56,"f:213:39:213:46":5,"s:214:4:282:Infinity":57,"s:215:23:215:Infinity":58,"s:216:27:216:Infinity":59,"s:217:23:217:Infinity":60,"b:219:8:223:Infinity:undefined:undefined:undefined:undefined":11,"s:219:8:223:Infinity":61,"s:220:12:222:Infinity":62,"s:225:36:228:Infinity":63,"b:230:8:234:Infinity:undefined:undefined:undefined:undefined":12,"s:230:8:234:Infinity":64,"s:231:12:233:Infinity":65,"b:236:8:240:Infinity:undefined:undefined:undefined:undefined":13,"s:236:8:240:Infinity":66,"s:237:12:239:Infinity":67,"b:242:8:246:Infinity:undefined:undefined:undefined:undefined":14,"s:242:8:246:Infinity":68,"s:243:12:245:Infinity":69,"s:248:35:251:Infinity":70,"s:253:52:259:Infinity":71,"s:260:31:260:Infinity":72,"b:260:31:260:54:260:54:260:Infinity":15,"s:262:8:270:Infinity":73,"s:272:8:275:Infinity":74,"s:278:8:278:Infinity":75,"s:279:8:281:Infinity":76,"s:286:33:346:Infinity":77,"f:286:33:286:40":6,"s:287:4:345:Infinity":78,"s:288:23:288:Infinity":79,"s:289:23:289:Infinity":80,"b:291:8:295:Infinity:undefined:undefined:undefined:undefined":16,"s:291:8:295:Infinity":81,"s:292:12:294:Infinity":82,"s:297:36:300:Infinity":83,"b:302:8:306:Infinity:undefined:undefined:undefined:undefined":17,"s:302:8:306:Infinity":84,"s:303:12:305:Infinity":85,"b:308:8:312:Infinity:undefined:undefined:undefined:undefined":18,"s:308:8:312:Infinity":86,"s:309:12:311:Infinity":87,"b:314:8:318:Infinity:undefined:undefined:undefined:undefined":19,"s:314:8:318:Infinity":88,"s:315:12:317:Infinity":89,"s:320:37:323:Infinity":90,"s:325:8:333:Infinity":91,"s:335:8:338:Infinity":92,"s:341:8:341:Infinity":93,"s:342:8:344:Infinity":94},"fnNames":{}}}
}
