TN:
SF:src\controllers\auth.controller.ts
FN:7,(anonymous_0)
FN:38,(anonymous_1)
FN:62,(anonymous_2)
FNF:3
FNH:3
FNDA:3,(anonymous_0)
FNDA:3,(anonymous_1)
FNDA:3,(anonymous_2)
DA:4,1
DA:7,1
DA:8,3
DA:9,3
DA:11,3
DA:12,1
DA:19,2
DA:29,1
DA:31,1
DA:38,1
DA:39,3
DA:40,3
DA:42,3
DA:43,1
DA:48,2
DA:53,1
DA:55,1
DA:62,1
DA:63,3
DA:64,3
DA:66,3
DA:67,1
DA:72,2
DA:76,2
DA:77,1
DA:82,1
DA:84,0
LF:27
LH:26
BRDA:11,0,0,1
BRDA:11,0,1,2
BRDA:11,1,0,3
BRDA:11,1,1,2
BRDA:42,2,0,1
BRDA:42,2,1,2
BRDA:66,3,0,1
BRDA:66,3,1,2
BRDA:76,4,0,1
BRDA:76,4,1,1
BRF:10
BRH:10
end_of_record
TN:
SF:src\controllers\notification.controller.ts
FN:5,(anonymous_0)
FN:54,(anonymous_1)
FN:82,(anonymous_2)
FNF:3
FNH:3
FNDA:3,(anonymous_0)
FNDA:3,(anonymous_1)
FNDA:3,(anonymous_2)
DA:5,1
DA:6,3
DA:7,3
DA:8,3
DA:9,1
DA:13,2
DA:14,2
DA:15,3
DA:16,3
DA:18,3
DA:21,3
DA:22,3
DA:23,1
DA:26,2
DA:41,1
DA:48,1
DA:49,1
DA:54,1
DA:55,3
DA:56,3
DA:57,3
DA:59,3
DA:60,1
DA:65,2
DA:70,2
DA:71,1
DA:74,1
DA:76,0
DA:77,0
DA:82,1
DA:83,3
DA:84,3
DA:85,3
DA:86,1
DA:89,2
DA:94,1
DA:96,1
DA:97,1
LF:38
LH:36
BRDA:8,0,0,1
BRDA:8,0,1,2
BRDA:14,1,0,2
BRDA:14,1,1,1
BRDA:15,2,0,3
BRDA:15,2,1,1
BRDA:22,3,0,1
BRDA:22,3,1,2
BRDA:59,4,0,1
BRDA:59,4,1,2
BRDA:70,5,0,1
BRDA:70,5,1,1
BRDA:85,6,0,1
BRDA:85,6,1,2
BRF:14
BRH:14
end_of_record
TN:
SF:src\controllers\publication.controller.ts
FN:9,(anonymous_0)
FN:31,(anonymous_1)
FN:54,(anonymous_2)
FN:112,(anonymous_3)
FN:134,(anonymous_4)
FN:158,(anonymous_5)
FNF:6
FNH:6
FNDA:2,(anonymous_0)
FNDA:2,(anonymous_1)
FNDA:4,(anonymous_2)
FNDA:2,(anonymous_3)
FNDA:2,(anonymous_4)
FNDA:2,(anonymous_5)
DA:4,1
DA:6,1
DA:9,1
DA:10,2
DA:11,2
DA:13,2
DA:22,1
DA:24,1
DA:31,1
DA:32,2
DA:33,2
DA:35,2
DA:36,1
DA:41,1
DA:45,1
DA:47,0
DA:54,1
DA:55,4
DA:56,4
DA:58,4
DA:59,1
DA:64,3
DA:65,1
DA:73,2
DA:77,2
DA:78,1
DA:86,1
DA:99,1
DA:104,0
DA:105,0
DA:112,1
DA:113,2
DA:114,2
DA:116,2
DA:123,2
DA:124,1
DA:127,1
DA:129,0
DA:134,1
DA:135,2
DA:136,2
DA:137,2
DA:138,2
DA:140,2
DA:142,2
DA:143,2
DA:144,2
DA:146,1
DA:151,1
DA:153,0
DA:158,1
DA:159,2
DA:160,2
DA:161,2
DA:163,2
DA:165,2
DA:166,2
DA:167,2
DA:169,1
DA:171,1
DA:173,0
LF:61
LH:55
BRDA:14,0,0,0
BRDA:14,0,1,2
BRDA:35,1,0,1
BRDA:35,1,1,1
BRDA:58,2,0,1
BRDA:58,2,1,3
BRDA:58,3,0,4
BRDA:58,3,1,4
BRDA:58,3,2,3
BRDA:58,3,3,3
BRDA:58,3,4,3
BRDA:64,4,0,1
BRDA:64,4,1,2
BRDA:77,5,0,1
BRDA:77,5,1,1
BRDA:123,6,0,1
BRDA:123,6,1,1
BRDA:140,7,0,0
BRDA:140,7,1,2
BRDA:143,8,0,0
BRDA:143,8,1,2
BRDA:144,9,0,1
BRDA:144,9,1,1
BRDA:163,10,0,0
BRDA:163,10,1,2
BRDA:166,11,0,0
BRDA:166,11,1,2
BRDA:167,12,0,1
BRDA:167,12,1,1
BRF:29
BRH:24
end_of_record
TN:
SF:src\controllers\reservation.controller.ts
FN:7,parseDate
FN:16,(anonymous_1)
FN:90,(anonymous_2)
FN:124,(anonymous_3)
FN:165,(anonymous_4)
FN:213,(anonymous_5)
FN:286,(anonymous_6)
FNF:7
FNH:7
FNDA:3,parseDate
FNDA:4,(anonymous_1)
FNDA:2,(anonymous_2)
FNDA:3,(anonymous_3)
FNDA:6,(anonymous_4)
FNDA:4,(anonymous_5)
FNDA:4,(anonymous_6)
DA:4,1
DA:8,3
DA:9,3
DA:10,1
DA:12,2
DA:16,1
DA:17,4
DA:18,4
DA:20,4
DA:21,0
DA:26,4
DA:28,4
DA:29,1
DA:35,3
DA:36,3
DA:38,1
DA:44,2
DA:49,2
DA:50,0
DA:55,2
DA:67,1
DA:77,1
DA:82,1
DA:83,1
DA:90,1
DA:91,2
DA:92,2
DA:94,2
DA:95,1
DA:100,1
DA:114,1
DA:116,0
DA:117,0
DA:124,1
DA:125,3
DA:126,3
DA:128,3
DA:129,1
DA:134,2
DA:155,1
DA:157,1
DA:158,1
DA:165,1
DA:166,6
DA:167,6
DA:168,6
DA:170,6
DA:171,1
DA:176,5
DA:190,4
DA:191,1
DA:197,3
DA:198,1
DA:203,2
DA:205,1
DA:206,1
DA:213,1
DA:214,4
DA:215,4
DA:216,4
DA:217,4
DA:219,4
DA:220,0
DA:225,4
DA:230,4
DA:231,1
DA:236,3
DA:237,1
DA:242,2
DA:243,1
DA:248,1
DA:253,1
DA:260,1
DA:262,4
DA:272,1
DA:278,0
DA:279,0
DA:286,1
DA:287,4
DA:288,4
DA:289,4
DA:291,4
DA:292,0
DA:297,4
DA:302,4
DA:303,1
DA:308,3
DA:309,1
DA:314,2
DA:315,1
DA:320,1
DA:325,1
DA:335,1
DA:341,0
DA:342,0
LF:95
LH:85
BRDA:9,0,0,1
BRDA:9,0,1,2
BRDA:20,1,0,0
BRDA:20,1,1,4
BRDA:28,2,0,1
BRDA:28,2,1,3
BRDA:28,3,0,4
BRDA:28,3,1,3
BRDA:28,3,2,3
BRDA:28,3,3,3
BRDA:49,4,0,0
BRDA:49,4,1,2
BRDA:94,5,0,1
BRDA:94,5,1,1
BRDA:128,6,0,1
BRDA:128,6,1,2
BRDA:170,7,0,1
BRDA:170,7,1,5
BRDA:190,8,0,1
BRDA:190,8,1,3
BRDA:197,9,0,1
BRDA:197,9,1,2
BRDA:197,10,0,3
BRDA:197,10,1,2
BRDA:219,11,0,0
BRDA:219,11,1,4
BRDA:230,12,0,1
BRDA:230,12,1,3
BRDA:236,13,0,1
BRDA:236,13,1,2
BRDA:242,14,0,1
BRDA:242,14,1,1
BRDA:260,15,0,1
BRDA:260,15,1,1
BRDA:291,16,0,0
BRDA:291,16,1,4
BRDA:302,17,0,1
BRDA:302,17,1,3
BRDA:308,18,0,1
BRDA:308,18,1,2
BRDA:314,19,0,1
BRDA:314,19,1,1
BRF:42
BRH:38
end_of_record
TN:
SF:src\controllers\user.controller.ts
FN:4,(anonymous_0)
FN:15,(anonymous_1)
FNF:2
FNH:1
FNDA:0,(anonymous_0)
FNDA:7,(anonymous_1)
DA:4,1
DA:5,0
DA:6,0
DA:7,0
DA:9,0
DA:11,0
DA:15,1
DA:16,7
DA:17,7
DA:19,7
DA:20,1
DA:25,6
DA:35,6
DA:36,6
DA:37,6
DA:38,6
DA:40,6
DA:41,1
DA:46,5
DA:48,3
DA:51,2
DA:53,2
DA:54,1
DA:59,1
LF:24
LH:19
BRDA:19,0,0,1
BRDA:19,0,1,6
BRDA:36,1,0,2
BRDA:36,1,1,4
BRDA:37,2,0,2
BRDA:37,2,1,4
BRDA:38,3,0,1
BRDA:38,3,1,5
BRDA:40,4,0,1
BRDA:40,4,1,5
BRDA:53,5,0,1
BRDA:53,5,1,1
BRF:12
BRH:12
end_of_record
TN:
SF:src\repositories\prisma.repository.ts
FNF:0
FNH:0
DA:3,1
LF:1
LH:1
BRF:0
BRH:0
end_of_record
TN:
SF:src\services\user.service.ts
FN:9,(anonymous_0)
FN:13,(anonymous_1)
FNF:2
FNH:1
FNDA:0,(anonymous_0)
FNDA:5,(anonymous_1)
DA:9,1
DA:10,0
DA:13,1
DA:14,5
LF:4
LH:3
BRF:0
BRH:0
end_of_record
