TN:
SF:src\controllers\auth.controller.ts
FN:7,(anonymous_0)
FN:38,(anonymous_1)
FN:63,(anonymous_2)
FNF:3
FNH:3
FNDA:3,(anonymous_0)
FNDA:2,(anonymous_1)
FNDA:3,(anonymous_2)
DA:4,1
DA:7,1
DA:8,3
DA:9,3
DA:11,3
DA:12,1
DA:19,2
DA:29,1
DA:31,1
DA:38,1
DA:39,2
DA:40,2
DA:42,2
DA:43,1
DA:49,1
DA:54,1
DA:56,0
DA:63,1
DA:64,3
DA:65,3
DA:67,3
DA:68,1
DA:73,2
DA:77,2
DA:78,1
DA:83,1
DA:85,0
LF:27
LH:25
BRDA:11,0,0,1
BRDA:11,0,1,2
BRDA:11,1,0,3
BRDA:11,1,1,2
BRDA:42,2,0,1
BRDA:42,2,1,1
BRDA:67,3,0,1
BRDA:67,3,1,2
BRDA:77,4,0,1
BRDA:77,4,1,1
BRF:10
BRH:10
end_of_record
TN:
SF:src\controllers\publication.controller.ts
FN:9,(anonymous_0)
FN:31,(anonymous_1)
FN:54,(anonymous_2)
FN:113,(anonymous_3)
FN:135,(anonymous_4)
FN:159,(anonymous_5)
FNF:6
FNH:5
FNDA:2,(anonymous_0)
FNDA:1,(anonymous_1)
FNDA:4,(anonymous_2)
FNDA:0,(anonymous_3)
FNDA:1,(anonymous_4)
FNDA:2,(anonymous_5)
DA:4,1
DA:6,1
DA:9,1
DA:10,2
DA:11,2
DA:13,2
DA:22,1
DA:24,1
DA:31,1
DA:32,1
DA:33,1
DA:35,1
DA:36,1
DA:41,0
DA:45,0
DA:47,0
DA:54,1
DA:55,4
DA:56,4
DA:58,4
DA:59,1
DA:64,3
DA:65,1
DA:73,2
DA:78,2
DA:79,1
DA:87,1
DA:100,1
DA:105,0
DA:106,0
DA:113,1
DA:114,0
DA:115,0
DA:117,0
DA:124,0
DA:125,0
DA:128,0
DA:130,0
DA:135,1
DA:136,1
DA:137,1
DA:138,1
DA:139,1
DA:141,1
DA:143,1
DA:144,1
DA:145,1
DA:147,0
DA:152,0
DA:154,0
DA:159,1
DA:160,2
DA:161,2
DA:162,2
DA:164,2
DA:166,2
DA:167,2
DA:168,2
DA:170,1
DA:172,1
DA:174,0
LF:61
LH:45
BRDA:14,0,0,0
BRDA:14,0,1,2
BRDA:35,1,0,1
BRDA:35,1,1,0
BRDA:58,2,0,1
BRDA:58,2,1,3
BRDA:58,3,0,4
BRDA:58,3,1,4
BRDA:58,3,2,3
BRDA:58,3,3,3
BRDA:58,3,4,3
BRDA:64,4,0,1
BRDA:64,4,1,2
BRDA:78,5,0,1
BRDA:78,5,1,1
BRDA:78,6,0,2
BRDA:78,6,1,2
BRDA:124,7,0,0
BRDA:124,7,1,0
BRDA:141,8,0,0
BRDA:141,8,1,1
BRDA:144,9,0,0
BRDA:144,9,1,1
BRDA:145,10,0,1
BRDA:145,10,1,0
BRDA:164,11,0,0
BRDA:164,11,1,2
BRDA:167,12,0,0
BRDA:167,12,1,2
BRDA:168,13,0,1
BRDA:168,13,1,1
BRF:31
BRH:22
end_of_record
TN:
SF:src\controllers\reservation.controller.ts
FN:7,(anonymous_0)
FN:42,(anonymous_1)
FN:76,(anonymous_2)
FN:130,(anonymous_3)
FNF:4
FNH:4
FNDA:3,(anonymous_0)
FNDA:2,(anonymous_1)
FNDA:4,(anonymous_2)
FNDA:3,(anonymous_3)
DA:4,1
DA:7,1
DA:8,3
DA:9,3
DA:10,3
DA:12,3
DA:13,1
DA:18,2
DA:29,1
DA:34,1
DA:35,1
DA:42,1
DA:43,2
DA:44,2
DA:46,2
DA:47,1
DA:52,1
DA:66,1
DA:68,0
DA:69,0
DA:76,1
DA:77,4
DA:78,4
DA:79,4
DA:80,4
DA:82,4
DA:83,0
DA:88,4
DA:93,4
DA:94,1
DA:99,3
DA:100,1
DA:105,2
DA:106,1
DA:111,1
DA:116,1
DA:122,0
DA:123,0
DA:130,1
DA:131,3
DA:132,3
DA:133,3
DA:135,3
DA:136,0
DA:141,3
DA:145,3
DA:146,0
DA:151,3
DA:152,1
DA:157,2
DA:158,1
DA:163,1
DA:168,1
DA:174,0
DA:175,0
LF:55
LH:46
BRDA:12,0,0,1
BRDA:12,0,1,2
BRDA:12,1,0,3
BRDA:12,1,1,2
BRDA:12,1,2,2
BRDA:12,1,3,2
BRDA:12,1,4,2
BRDA:46,2,0,1
BRDA:46,2,1,1
BRDA:82,3,0,0
BRDA:82,3,1,4
BRDA:93,4,0,1
BRDA:93,4,1,3
BRDA:99,5,0,1
BRDA:99,5,1,2
BRDA:105,6,0,1
BRDA:105,6,1,1
BRDA:135,7,0,0
BRDA:135,7,1,3
BRDA:145,8,0,0
BRDA:145,8,1,3
BRDA:151,9,0,1
BRDA:151,9,1,2
BRDA:157,10,0,1
BRDA:157,10,1,1
BRF:25
BRH:22
end_of_record
